2016-04-05  10:49:23	Have not Incremental Backup at Time : 9
2016-04-05  11:05:01	Have not Incremental Backup at Time : 10
2016-04-05  12:05:01	Have not Incremental Backup at Time : 11
2016-04-05  13:05:01	Have not Incremental Backup at Time : 12
2016-04-05  14:05:02	Have not Incremental Backup at Time : 13
2016-04-05 03:41:12	Create Full Backup Complete
2016-04-05 04:05:01	Create Incremental Backup at Time : 04:05:01
2016-04-05 05:05:01	Create Incremental Backup at Time : 05:05:01
2016-04-05 05:24:00	Incremental Backup at 05:24:00 has exists
2016-04-05 06:05:01	Create Incremental Backup at Time : 06:05:01
2016-04-05 07:05:01	Create Incremental Backup at Time : 07:05:01
2016-04-05 08:05:01	Create Incremental Backup at Time : 08:05:01
2016-04-05 09:05:01	Create Incremental Backup at Time : 09:05:01
2016-04-05 10:05:01	Create Incremental Backup at Time : 10:05:01
2016-04-05 11:05:01	Create Incremental Backup at Time : 11:05:01
2016-04-05 12:05:01	Create Incremental Backup at Time : 12:05:01
2016-04-05 13:05:01	Create Incremental Backup at Time : 13:05:01
2016-04-05 14:05:01	Create Incremental Backup at Time : 14:05:01
2016-04-05 15:05:01	Create Incremental Backup at Time : 15:05:01
2016-04-05 16:05:01	Create Incremental Backup at Time : 16:05:01
2016-04-05 17:05:01	Create Incremental Backup at Time : 17:05:01
2016-04-05 18:05:01	Create Incremental Backup at Time : 18:05:01
2016-04-05 19:05:01	Create Incremental Backup at Time : 19:05:01
2016-04-05 20:05:01	Create Incremental Backup at Time : 20:05:01
2016-04-05 21:05:01	Create Incremental Backup at Time : 21:05:01
2016-04-05 22:05:01	Create Incremental Backup at Time : 22:05:01
2016-04-05 23:05:01	Create Incremental Backup at Time : 23:05:01
2016-04-06 00:05:01	Create Full Backup Complete
2016-04-06 01:05:01	Create Incremental Backup at Time : 01:05:01
2016-04-06 02:05:01	Create Incremental Backup at Time : 02:05:01
2016-04-06 03:05:01	Create Incremental Backup at Time : 03:05:01
2016-04-06 04:05:01	Create Incremental Backup at Time : 04:05:01
2016-04-06 05:05:01	Create Incremental Backup at Time : 05:05:01
2016-04-06 06:05:01	Create Incremental Backup at Time : 06:05:01
2016-04-06 07:05:01	Create Incremental Backup at Time : 07:05:01
2016-04-06 08:05:01	Create Incremental Backup at Time : 08:05:01
2016-04-06 09:05:01	Create Incremental Backup at Time : 09:05:01
2016-04-06 10:05:01	Create Incremental Backup at Time : 10:05:01
2016-04-06 11:05:01	Create Incremental Backup at Time : 11:05:01
2016-04-06 12:05:01	Create Incremental Backup at Time : 12:05:01
2016-04-06 13:05:01	Create Incremental Backup at Time : 13:05:01
2016-04-07 00:39:15	Create Full Backup Complete
2016-04-07 00:40:31	00 foler exists
2016-04-07 01:05:01	Create Incremental Backup at Time : 01:05:01
2016-04-07 02:05:01	Create Incremental Backup at Time : 02:05:01
2016-04-07 03:05:01	Create Incremental Backup at Time : 03:05:01
2016-04-07 04:05:01	Create Incremental Backup at Time : 04:05:01
2016-04-07 05:05:01	Create Incremental Backup at Time : 05:05:01
2016-04-07 06:05:01	Create Incremental Backup at Time : 06:05:01
2016-04-07 07:05:01	Create Incremental Backup at Time : 07:05:01
2016-04-07 08:05:01	Create Incremental Backup at Time : 08:05:01
2016-04-07 09:05:01	Create Incremental Backup at Time : 09:05:01
2016-04-07 09:35:44	Incremental Backup at 09:35:44 has exists
2016-04-07 09:44:49	Incremental Backup at 09:44:49 has exists
2016-04-07 09:46:41	Incremental Backup at 09 has exists
2016-04-07 10:02:15	Create Incremental Backup at Time : 10:02:15
2016-04-07 10:05:01	Incremental Backup at 10 has exists
2016-04-07 11:05:01	Create Incremental Backup at Time : 11:05:01
2016-04-07 11:30:34	Incremental Backup at 11 has exists
2016-04-07 11:32:56	Create Incremental Backup at Time : 11:32:56
2016-04-07 11:38:14	Create Incremental Backup at Time : 11:38:14
2016-04-07 00:05:01	Create Full Backup Complete
2016-04-07 00:32:44	Full backup folder has exists
2016-04-07 01:05:01	Create Incremental Backup at Time : 01:05:01
2016-04-07 02:05:01	Create Incremental Backup at Time : 02:05:01
2016-04-07 02:33:38	Incremental Backup at 02 has exists
2016-04-07 02:34:28	Create Incremental Backup at Time : 02:34:28
2016-04-07 03:05:01	Create Incremental Backup at Time : 03:05:01
2016-04-07 04:05:01	Create Incremental Backup at Time : 04:05:01
2016-04-07 05:05:01	Create Incremental Backup at Time : 05:05:01
2016-04-07 06:01:24	Create Incremental Backup at Time : 06:01:24
2016-04-07  18:05:01	Have not Incremental Backup at Time : 17
2016-04-07  19:05:01	Have not Incremental Backup at Time : 18
2016-04-07  20:05:01	Have not Incremental Backup at Time : 19
2016-04-07  21:05:01	Have not Incremental Backup at Time : 20
2016-04-07  22:05:01	Have not Incremental Backup at Time : 21
2016-04-07  23:05:01	Have not Incremental Backup at Time : 22
2016-04-08 00:05:01	Create Full Backup Complete
2016-04-08 01:05:01	Create Incremental Backup at Time : 01:05:01
2016-04-08 02:05:01	Create Incremental Backup at Time : 02:05:01
2016-04-08 03:05:01	Create Incremental Backup at Time : 03:05:01
2016-04-08 04:05:02	Create Incremental Backup at Time : 04:05:02
2016-04-08 05:05:01	Create Incremental Backup at Time : 05:05:01
2016-04-08 06:05:01	Create Incremental Backup at Time : 06:05:01
2016-04-08 07:05:01	Create Incremental Backup at Time : 07:05:01
2016-04-08 08:05:01	Create Incremental Backup at Time : 08:05:01
2016-04-08 09:05:01	Create Incremental Backup at Time : 09:05:01
2016-04-08 10:05:01	Create Incremental Backup at Time : 10:05:01
2016-04-08 11:05:01	Create Incremental Backup at Time : 11:05:01
2016-04-08 12:05:01	Create Incremental Backup at Time : 12:05:01
2016-04-08 13:05:01	Create Incremental Backup at Time : 13:05:01
2016-04-08 14:05:01	Create Incremental Backup at Time : 14:05:01
2016-04-08 15:05:01	Create Incremental Backup at Time : 15:05:01
2016-04-08 16:05:01	Create Incremental Backup at Time : 16:05:01
2016-04-08 17:05:01	Create Incremental Backup at Time : 17:05:01
2016-04-08 18:05:01	Create Incremental Backup at Time : 18:05:01
2016-04-08 19:05:01	Create Incremental Backup at Time : 19:05:01
2016-04-08 20:05:01	Create Incremental Backup at Time : 20:05:01
2016-04-08 21:05:01	Create Incremental Backup at Time : 21:05:01
2016-04-08 22:05:01	Create Incremental Backup at Time : 22:05:01
2016-04-08 23:05:01	Create Incremental Backup at Time : 23:05:01
2016-04-09 00:05:01	Create Full Backup Complete
2016-04-09 01:05:01	Create Incremental Backup at Time : 01:05:01
2016-04-09 02:05:01	Create Incremental Backup at Time : 02:05:01
2016-04-09 03:05:01	Create Incremental Backup at Time : 03:05:01
2016-04-09 04:05:01	Create Incremental Backup at Time : 04:05:01
2016-04-09 05:05:01	Create Incremental Backup at Time : 05:05:01
2016-04-09 06:05:01	Create Incremental Backup at Time : 06:05:01
2016-04-09 07:05:01	Create Incremental Backup at Time : 07:05:01
2016-04-09 08:05:01	Create Incremental Backup at Time : 08:05:01
2016-04-09 09:05:01	Create Incremental Backup at Time : 09:05:01
2016-04-09 10:05:01	Create Incremental Backup at Time : 10:05:01
2016-04-09 11:05:01	Create Incremental Backup at Time : 11:05:01
2016-04-09 12:05:01	Create Incremental Backup at Time : 12:05:01
2016-04-09 13:05:01	Create Incremental Backup at Time : 13:05:01
2016-04-09 14:05:01	Create Incremental Backup at Time : 14:05:01
2016-04-09 15:05:01	Create Incremental Backup at Time : 15:05:01
2016-04-09 16:05:01	Create Incremental Backup at Time : 16:05:01
2016-04-09 17:05:01	Create Incremental Backup at Time : 17:05:01
2016-04-09 18:05:01	Create Incremental Backup at Time : 18:05:01
2016-04-09 19:05:01	Create Incremental Backup at Time : 19:05:01
2016-04-09 20:05:01	Create Incremental Backup at Time : 20:05:01
2016-04-09 21:05:01	Create Incremental Backup at Time : 21:05:01
2016-04-09 22:05:01	Create Incremental Backup at Time : 22:05:01
2016-04-09 23:05:01	Create Incremental Backup at Time : 23:05:01
2016-04-10 00:05:01	Create Full Backup Complete
2016-04-10 01:05:01	Create Incremental Backup at Time : 01:05:01
2016-04-10 02:05:01	Create Incremental Backup at Time : 02:05:01
2016-04-10 03:05:01	Create Incremental Backup at Time : 03:05:01
2016-04-10 04:05:01	Create Incremental Backup at Time : 04:05:01
2016-04-10 05:05:01	Create Incremental Backup at Time : 05:05:01
2016-04-10 06:05:01	Create Incremental Backup at Time : 06:05:01
2016-04-10 07:05:01	Create Incremental Backup at Time : 07:05:01
2016-04-10 08:05:01	Create Incremental Backup at Time : 08:05:01
2016-04-10 09:05:01	Create Incremental Backup at Time : 09:05:01
2016-04-10 10:05:01	Create Incremental Backup at Time : 10:05:01
2016-04-10 11:05:01	Create Incremental Backup at Time : 11:05:01
2016-04-10 12:05:01	Create Incremental Backup at Time : 12:05:01
2016-04-10 13:05:01	Create Incremental Backup at Time : 13:05:01
2016-04-10 14:05:01	Create Incremental Backup at Time : 14:05:01
2016-04-10 15:05:01	Create Incremental Backup at Time : 15:05:01
2016-04-10 16:05:01	Create Incremental Backup at Time : 16:05:01
2016-04-10 17:05:01	Create Incremental Backup at Time : 17:05:01
2016-04-10 18:05:01	Create Incremental Backup at Time : 18:05:01
2016-04-10 19:05:01	Create Incremental Backup at Time : 19:05:01
2016-04-10 20:05:01	Create Incremental Backup at Time : 20:05:01
2016-04-10 21:05:01	Create Incremental Backup at Time : 21:05:01
2016-04-10 22:05:01	Create Incremental Backup at Time : 22:05:01
2016-04-10 23:05:01	Create Incremental Backup at Time : 23:05:01
2016-04-11 00:05:01	Create Full Backup Complete
2016-04-11 01:05:01	Create Incremental Backup at Time : 01:05:01
2016-04-11 02:05:01	Create Incremental Backup at Time : 02:05:01
2016-04-11 03:05:01	Create Incremental Backup at Time : 03:05:01
2016-04-11 04:05:01	Create Incremental Backup at Time : 04:05:01
2016-04-11 05:05:01	Create Incremental Backup at Time : 05:05:01
2016-04-11 06:05:01	Create Incremental Backup at Time : 06:05:01
2016-04-11 07:05:01	Create Incremental Backup at Time : 07:05:01
2016-04-11 08:05:01	Create Incremental Backup at Time : 08:05:01
2016-04-11 09:05:01	Create Incremental Backup at Time : 09:05:01
2016-04-11 10:05:01	Create Incremental Backup at Time : 10:05:01
2016-04-11 10:33:45	Create Incremental Backup at Time : 10:33:45
2016-04-11 00:05:01	Create Full Backup Complete
2016-04-11 00:11:17	Create Full Backup Complete
2016-04-11 00:18:15	Full backup folder has exists
2016-04-11 00:18:22	Full backup folder has exists
2016-04-11 00:24:18	Create Full Backup Complete
2016-04-11 00:31:17	Create Full Backup Complete
2016-04-11 00:46:30	Create Full Backup Complete
2016-04-11 00:54:50	Create Full Backup Complete
2016-04-11 00:57:20	Create Full Backup Complete
2016-04-11 01:05:01	Create Incremental Backup at Time : 01:05:01
2016-04-11 01:13:02	Create Incremental Backup at Time : 01:13:02
2016-04-11 01:17:48	Create Incremental Backup at Time : 01:17:48
2016-04-11 01:24:20	Create Incremental Backup at Time : 01:24:20
2016-04-11 01:26:22	Create Incremental Backup at Time : 01:26:22
2016-04-11 02:05:01	Create Incremental Backup at Time : 02:05:01
2016-04-11 03:05:01	Create Incremental Backup at Time : 03:05:01
2016-04-11 04:05:01	Create Incremental Backup at Time : 04:05:01
2016-04-11 05:05:01	Create Incremental Backup at Time : 05:05:01
2016-04-11 06:05:01	Create Incremental Backup at Time : 06:05:01
2016-04-11 07:05:01	Create Incremental Backup at Time : 07:05:01
2016-04-11 08:05:01	Create Incremental Backup at Time : 08:05:01
2016-04-11 09:05:01	Create Incremental Backup at Time : 09:05:01
2016-04-11 10:05:01	Create Incremental Backup at Time : 10:05:01
2016-04-11 11:05:01	Create Incremental Backup at Time : 11:05:01
2016-04-11 12:05:01	Create Incremental Backup at Time : 12:05:01
2016-04-11 13:05:01	Create Incremental Backup at Time : 13:05:01
2016-04-11 14:05:01	Create Incremental Backup at Time : 14:05:01
2016-04-11 15:05:01	Create Incremental Backup at Time : 15:05:01
2016-04-11 16:05:01	Create Incremental Backup at Time : 16:05:01
2016-04-11 17:05:01	Create Incremental Backup at Time : 17:05:01
2016-04-11 18:05:01	Create Incremental Backup at Time : 18:05:01
2016-04-11 19:05:01	Create Incremental Backup at Time : 19:05:01
2016-04-11 20:05:01	Create Incremental Backup at Time : 20:05:01
2016-04-11 21:05:01	Create Incremental Backup at Time : 21:05:01
2016-04-11 22:05:01	Create Incremental Backup at Time : 22:05:01
2016-04-11 23:05:01	Create Incremental Backup at Time : 23:05:01
2016-04-12 00:05:02	Create Full Backup Complete
2016-04-12 01:05:01	Create Incremental Backup at Time : 01:05:01
2016-04-12 02:05:01	Create Incremental Backup at Time : 02:05:01
2016-04-12 03:05:01	Create Incremental Backup at Time : 03:05:01
2016-04-12 04:05:01	Create Incremental Backup at Time : 04:05:01
2016-04-12 05:05:01	Create Incremental Backup at Time : 05:05:01
2016-04-12 06:05:01	Create Incremental Backup at Time : 06:05:01
2016-04-12 07:05:01	Create Incremental Backup at Time : 07:05:01
2016-04-12 08:05:01	Create Incremental Backup at Time : 08:05:01
2016-04-12 09:05:01	Create Incremental Backup at Time : 09:05:01
2016-04-12 10:05:01	Create Incremental Backup at Time : 10:05:01
2016-04-12 11:05:01	Create Incremental Backup at Time : 11:05:01
2016-04-12 12:05:01	Create Incremental Backup at Time : 12:05:01
2016-04-12 13:05:01	Create Incremental Backup at Time : 13:05:01
2016-04-12 14:05:01	Create Incremental Backup at Time : 14:05:01
2016-04-12 15:05:01	Create Incremental Backup at Time : 15:05:01
2016-04-12 16:05:01	Create Incremental Backup at Time : 16:05:01
2016-04-12 17:05:01	Create Incremental Backup at Time : 17:05:01
2016-04-12 18:05:01	Create Incremental Backup at Time : 18:05:01
2016-04-12 19:05:01	Create Incremental Backup at Time : 19:05:01
2016-04-12 20:05:01	Create Incremental Backup at Time : 20:05:01
2016-04-12 21:05:01	Create Incremental Backup at Time : 21:05:01
2016-04-12 22:05:01	Create Incremental Backup at Time : 22:05:01
2016-04-12 23:05:01	Create Incremental Backup at Time : 23:05:01
2016-04-13 00:05:01	Create Full Backup Complete
2016-04-13 01:05:01	Create Incremental Backup at Time : 01:05:01
2016-04-13 02:05:01	Create Incremental Backup at Time : 02:05:01
2016-04-13 03:05:01	Create Incremental Backup at Time : 03:05:01
2016-04-13 04:05:01	Create Incremental Backup at Time : 04:05:01
2016-04-13 05:05:01	Create Incremental Backup at Time : 05:05:01
2016-04-13 06:05:01	Create Incremental Backup at Time : 06:05:01
2016-04-13 07:05:01	Create Incremental Backup at Time : 07:05:01
2016-04-13 08:05:01	Create Incremental Backup at Time : 08:05:01
2016-04-13  20:05:01	Have not Incremental Backup at Time : 19
2016-04-13  21:05:01	Have not Incremental Backup at Time : 20
2016-04-13  22:05:01	Have not Incremental Backup at Time : 21
2016-04-13  23:05:01	Have not Incremental Backup at Time : 22
2016-04-14 00:05:01	Create Full Backup Complete
2016-04-14 01:05:01	Create Incremental Backup at Time : 01:05:01
2016-04-14 02:05:01	Create Incremental Backup at Time : 02:05:01
2016-04-14 03:05:01	Create Incremental Backup at Time : 03:05:01
2016-04-14 04:05:01	Create Incremental Backup at Time : 04:05:01
2016-04-14 05:05:01	Create Incremental Backup at Time : 05:05:01
2016-04-14 06:05:01	Create Incremental Backup at Time : 06:05:01
2016-04-14 07:05:01	Create Incremental Backup at Time : 07:05:01
2016-04-14 08:05:01	Create Incremental Backup at Time : 08:05:01
2016-04-14 09:05:01	Create Incremental Backup at Time : 09:05:01
2016-04-14 10:05:01	Create Incremental Backup at Time : 10:05:01
2016-04-14 11:05:01	Create Incremental Backup at Time : 11:05:01
2016-04-14 12:05:01	Create Incremental Backup at Time : 12:05:01
2016-04-14 13:05:01	Create Incremental Backup at Time : 13:05:01
2016-04-14 14:05:01	Create Incremental Backup at Time : 14:05:01
2016-04-14 15:05:01	Create Incremental Backup at Time : 15:05:01
2016-04-14 16:05:01	Create Incremental Backup at Time : 16:05:01
2016-04-14 17:05:01	Create Incremental Backup at Time : 17:05:01
2016-04-14 18:05:01	Create Incremental Backup at Time : 18:05:01
2016-04-14 19:05:01	Create Incremental Backup at Time : 19:05:01
2016-04-14 20:05:01	Create Incremental Backup at Time : 20:05:01
2016-04-14 21:05:01	Create Incremental Backup at Time : 21:05:01
2016-04-14 22:05:01	Create Incremental Backup at Time : 22:05:01
2016-04-14 23:05:01	Create Incremental Backup at Time : 23:05:01
2016-04-15 00:05:01	Create Full Backup Complete
2016-04-15 01:05:01	Create Incremental Backup at Time : 01:05:01
2016-04-15 02:05:01	Create Incremental Backup at Time : 02:05:01
2016-04-15 03:05:01	Create Incremental Backup at Time : 03:05:01
2016-04-15 04:05:01	Create Incremental Backup at Time : 04:05:01
2016-04-15 05:05:01	Create Incremental Backup at Time : 05:05:01
2016-04-15 06:05:01	Create Incremental Backup at Time : 06:05:01
2016-04-15 07:05:01	Create Incremental Backup at Time : 07:05:01
2016-04-15 08:05:01	Create Incremental Backup at Time : 08:05:01
2016-04-15 09:05:01	Create Incremental Backup at Time : 09:05:01
2016-04-15 10:05:01	Create Incremental Backup at Time : 10:05:01
2016-04-15 11:05:01	Create Incremental Backup at Time : 11:05:01
2016-04-15 12:05:01	Create Incremental Backup at Time : 12:05:01
2016-04-15 13:05:01	Create Incremental Backup at Time : 13:05:01
2016-04-15 14:05:01	Create Incremental Backup at Time : 14:05:01
2016-04-15 15:05:01	Create Incremental Backup at Time : 15:05:01
2016-04-15 16:05:01	Create Incremental Backup at Time : 16:05:01
2016-04-15 17:05:01	Create Incremental Backup at Time : 17:05:01
2016-04-15 18:05:01	Create Incremental Backup at Time : 18:05:01
2016-04-15 19:05:01	Create Incremental Backup at Time : 19:05:01
2016-04-15 20:05:01	Create Incremental Backup at Time : 20:05:01
2016-04-15 21:05:01	Create Incremental Backup at Time : 21:05:01
2016-04-15 22:05:01	Create Incremental Backup at Time : 22:05:01
2016-04-15 23:05:01	Create Incremental Backup at Time : 23:05:01
2016-04-16 00:05:01	Create Full Backup Complete
2016-04-16 01:05:01	Create Incremental Backup at Time : 01:05:01
2016-04-16 02:05:01	Create Incremental Backup at Time : 02:05:01
2016-04-16 03:05:01	Create Incremental Backup at Time : 03:05:01
2016-04-16 04:05:01	Create Incremental Backup at Time : 04:05:01
2016-04-16 05:05:01	Create Incremental Backup at Time : 05:05:01
2016-04-16 06:05:01	Create Incremental Backup at Time : 06:05:01
2016-04-16 07:05:01	Create Incremental Backup at Time : 07:05:01
2016-04-16 08:05:01	Create Incremental Backup at Time : 08:05:01
2016-04-16 09:05:01	Create Incremental Backup at Time : 09:05:01
2016-04-16 10:05:01	Create Incremental Backup at Time : 10:05:01
2016-04-16 11:05:01	Create Incremental Backup at Time : 11:05:01
2016-04-16 12:05:01	Create Incremental Backup at Time : 12:05:01
2016-04-16 13:05:01	Create Incremental Backup at Time : 13:05:01
2016-04-16 14:05:01	Create Incremental Backup at Time : 14:05:01
2016-04-16 15:05:01	Create Incremental Backup at Time : 15:05:01
2016-04-16 16:05:01	Create Incremental Backup at Time : 16:05:01
2016-04-16 17:05:01	Create Incremental Backup at Time : 17:05:01
2016-04-16 18:05:01	Create Incremental Backup at Time : 18:05:01
2016-04-16 19:05:01	Create Incremental Backup at Time : 19:05:01
2016-04-16 20:05:01	Create Incremental Backup at Time : 20:05:01
2016-04-16 21:05:01	Create Incremental Backup at Time : 21:05:01
2016-04-16 22:05:01	Create Incremental Backup at Time : 22:05:01
2016-04-16 23:05:01	Create Incremental Backup at Time : 23:05:01
2016-04-17 00:05:01	Create Full Backup Complete
2016-04-17 01:05:01	Create Incremental Backup at Time : 01:05:01
2016-04-17 02:05:01	Create Incremental Backup at Time : 02:05:01
2016-04-17 03:05:01	Create Incremental Backup at Time : 03:05:01
2016-04-17 04:05:01	Create Incremental Backup at Time : 04:05:01
2016-04-17 05:05:01	Create Incremental Backup at Time : 05:05:01
2016-04-17 06:05:01	Create Incremental Backup at Time : 06:05:01
2016-04-17 07:05:01	Create Incremental Backup at Time : 07:05:01
2016-04-17 08:05:01	Create Incremental Backup at Time : 08:05:01
2016-04-17 09:05:01	Create Incremental Backup at Time : 09:05:01
2016-04-17 10:05:01	Create Incremental Backup at Time : 10:05:01
2016-04-17 11:05:01	Create Incremental Backup at Time : 11:05:01
2016-04-17 12:05:01	Create Incremental Backup at Time : 12:05:01
2016-04-17 13:05:01	Create Incremental Backup at Time : 13:05:01
2016-04-17 14:05:02	Create Incremental Backup at Time : 14:05:02
2016-04-17 15:05:01	Create Incremental Backup at Time : 15:05:01
2016-04-17 16:05:01	Create Incremental Backup at Time : 16:05:01
2016-04-17 17:05:01	Create Incremental Backup at Time : 17:05:01
2016-04-17 18:05:01	Create Incremental Backup at Time : 18:05:01
2016-04-17 19:05:01	Create Incremental Backup at Time : 19:05:01
2016-04-17 20:05:01	Create Incremental Backup at Time : 20:05:01
2016-04-17 21:05:01	Create Incremental Backup at Time : 21:05:01
2016-04-17 22:05:01	Create Incremental Backup at Time : 22:05:01
2016-04-17 23:05:01	Create Incremental Backup at Time : 23:05:01
2016-04-18 00:05:01	Create Full Backup Complete
2016-04-18 01:05:01	Create Incremental Backup at Time : 01:05:01
2016-04-18 02:05:01	Create Incremental Backup at Time : 02:05:01
2016-04-18 03:05:01	Create Incremental Backup at Time : 03:05:01
2016-04-18 04:05:01	Create Incremental Backup at Time : 04:05:01
2016-04-18 05:05:01	Create Incremental Backup at Time : 05:05:01
2016-04-18 06:05:01	Create Incremental Backup at Time : 06:05:01
2016-04-18 07:05:01	Create Incremental Backup at Time : 07:05:01
2016-04-18 08:05:01	Create Incremental Backup at Time : 08:05:01
2016-04-18 09:05:01	Create Incremental Backup at Time : 09:05:01
2016-04-18 10:05:01	Create Incremental Backup at Time : 10:05:01
2016-04-18 04:28:56	Incremental Backup at 04 has exists
